<?xml version="1.0" encoding="UTF-8"?>
<!-- Generated by org.testng.reporters.JUnitXMLReporter -->
<testsuite hostname="LAPTOP-MH795CF3" ignored="0" name="Test" tests="1" failures="1" timestamp="2023-01-19T21:17:16 IST" time="11.468" errors="0">
  <testcase name="sakshiHomePageCheckingSortedValues" time="1.144" classname="scripts.p1">
    <failure type="java.lang.AssertionError" message="Lists differ at element [0]: 1250.0 != -320.0 expected [1250.0] but found [-320.0]">
      <![CDATA[java.lang.AssertionError: Lists differ at element [0]: 1250.0 != -320.0 expected [1250.0] but found [-320.0]
at pages.sakshiHome_page.ValidatingTheValuesIsSortedOrNot(sakshiHome_page.java:59)
at scripts.p1.sakshiHomePageCheckingSortedValues(p1.java:25)
at java.util.ArrayList.forEach(Unknown Source)
... Removed 32 stack frames]]>
    </failure>
  </testcase> <!-- sakshiHomePageCheckingSortedValues -->
</testsuite> <!-- Test -->
