<?xml version="1.0" encoding="UTF-8"?>
<testng-results skipped="0" failed="0" ignored="0" total="1" passed="1">
  <reporter-output>
  </reporter-output>
  <suite name="Suite" duration-ms="52483" started-at="2023-01-20T18:06:48 IST" finished-at="2023-01-20T18:07:41 IST">
    <groups>
    </groups>
    <test name="Test" duration-ms="52483" started-at="2023-01-20T18:06:48 IST" finished-at="2023-01-20T18:07:41 IST">
      <class name="scripts.p1">
        <test-method status="PASS" signature="setpath()[pri:0, instance:scripts.p1@64485a47]" name="setpath" is-config="true" duration-ms="13" started-at="2023-01-20T18:06:48 IST" finished-at="2023-01-20T18:06:48 IST">
          <reporter-output>
          </reporter-output>
        </test-method> <!-- setpath -->
        <test-method status="PASS" signature="launchBrowser(java.lang.String)[pri:0, instance:scripts.p1@64485a47]" name="launchBrowser" is-config="true" duration-ms="40942" started-at="2023-01-20T18:06:48 IST" finished-at="2023-01-20T18:07:29 IST">
          <params>
            <param index="0">
              <value>
                <![CDATA[chrome]]>
              </value>
            </param>
          </params>
          <reporter-output>
          </reporter-output>
        </test-method> <!-- launchBrowser -->
        <test-method status="PASS" signature="sakshiHomePageCheckingSortedValues()[pri:0, instance:scripts.p1@64485a47]" name="sakshiHomePageCheckingSortedValues" duration-ms="7989" started-at="2023-01-20T18:07:29 IST" finished-at="2023-01-20T18:07:37 IST">
          <reporter-output>
          </reporter-output>
        </test-method> <!-- sakshiHomePageCheckingSortedValues -->
        <test-method status="PASS" signature="closeBrowser()[pri:0, instance:scripts.p1@64485a47]" name="closeBrowser" is-config="true" duration-ms="3478" started-at="2023-01-20T18:07:37 IST" finished-at="2023-01-20T18:07:41 IST">
          <reporter-output>
          </reporter-output>
        </test-method> <!-- closeBrowser -->
        <test-method status="PASS" signature="killDriver()[pri:0, instance:scripts.p1@64485a47]" name="killDriver" is-config="true" duration-ms="386" started-at="2023-01-20T18:07:41 IST" finished-at="2023-01-20T18:07:41 IST">
          <reporter-output>
          </reporter-output>
        </test-method> <!-- killDriver -->
      </class> <!-- scripts.p1 -->
    </test> <!-- Test -->
  </suite> <!-- Suite -->
</testng-results>
